[0.379s] Invoking command in '/home/ubuntu/ros2_ws/src/Manipulator_UR5_Project/build/complete_job_ws': AMENT_PREFIX_PATH=/home/ubuntu/ros2_ws/src/Manipulator_UR5_Project/install/move_ws:${AMENT_PREFIX_PATH} CMAKE_PREFIX_PATH=/home/ubuntu/ros2_ws/src/Manipulator_UR5_Project/install/move_ws:/opt/ros/jazzy/opt/gz_sim_vendor:/opt/ros/jazzy/opt/gz_sensors_vendor:/opt/ros/jazzy/opt/gz_physics_vendor:/opt/ros/jazzy/opt/sdformat_vendor:/opt/ros/jazzy/opt/gz_gui_vendor:/opt/ros/jazzy/opt/gz_transport_vendor:/opt/ros/jazzy/opt/gz_rendering_vendor:/opt/ros/jazzy/opt/gz_plugin_vendor:/opt/ros/jazzy/opt/gz_fuel_tools_vendor:/opt/ros/jazzy/opt/gz_msgs_vendor:/opt/ros/jazzy/opt/gz_common_vendor:/opt/ros/jazzy/opt/gz_math_vendor:/opt/ros/jazzy/opt/gz_utils_vendor:/opt/ros/jazzy/opt/gz_tools_vendor:/opt/ros/jazzy/opt/gz_ogre_next_vendor:/opt/ros/jazzy/opt/gz_dartsim_vendor:/opt/ros/jazzy/opt/gz_cmake_vendor:/opt/ros/jazzy LD_LIBRARY_PATH=/home/ubuntu/ros2_ws/src/Manipulator_UR5_Project/install/move_ws/lib:${LD_LIBRARY_PATH} PYTHONPATH=/home/ubuntu/ros2_ws/src/Manipulator_UR5_Project/install/move_ws/lib/python3.12/site-packages:${PYTHONPATH} /usr/bin/cmake --build /home/ubuntu/ros2_ws/src/Manipulator_UR5_Project/build/complete_job_ws -- -j8 -l8
[1.234s] [ 50%] [32mBuilding CXX object CMakeFiles/complete_job.dir/src/complete_job.cpp.o[0m
[4.397s] [01m[K/home/ubuntu/ros2_ws/src/Manipulator_UR5_Project/robotics_project_ws/src/complete_job_ws/src/complete_job.cpp:60:21:[m[K [01;35m[Kwarning: [m[Kmissing terminating " character
[4.402s]    60 |             cout << [01;35m[K"[m[KError in completing the task, redo it
[4.403s]       |                     [01;35m[K^[m[K
[4.403s] [01m[K/home/ubuntu/ros2_ws/src/Manipulator_UR5_Project/robotics_project_ws/src/complete_job_ws/src/complete_job.cpp:60:21:[m[K [01;31m[Kerror: [m[Kmissing terminating " character
[4.404s]    60 |             cout << [01;31m[K"Error in completing the task, redo it[m[K
[4.404s]       |                     [01;31m[K^~~~~~~~~~~~~~~~~~~~~~~~~~~~~~~~~~~~~~[m[K
[20.125s] [01m[K/home/ubuntu/ros2_ws/src/Manipulator_UR5_Project/robotics_project_ws/src/complete_job_ws/src/complete_job.cpp:[m[K In function â€˜[01m[Kint[01;32m[K main[m[K(int, char**)[m[Kâ€™:
[20.128s] [01m[K/home/ubuntu/ros2_ws/src/Manipulator_UR5_Project/robotics_project_ws/src/complete_job_ws/src/complete_job.cpp:39:5:[m[K [01;31m[Kerror: [m[Kâ€˜[01m[Kopen_path_client[m[Kâ€™ was not declared in this scope
[20.129s]    39 |     [01;31m[Kopen_path_client[m[K = this->create_client<MoveService>("path_acquiring");
[20.130s]       |     [01;31m[K^~~~~~~~~~~~~~~~[m[K
[20.130s] [01m[K/home/ubuntu/ros2_ws/src/Manipulator_UR5_Project/robotics_project_ws/src/complete_job_ws/src/complete_job.cpp:39:24:[m[K [01;31m[Kerror: [m[Kinvalid use of â€˜[01m[Kthis[m[Kâ€™ in non-member function
[20.132s]    39 |     open_path_client = [01;31m[Kthis[m[K->create_client<MoveService>("path_acquiring");
[20.132s]       |                        [01;31m[K^~~~[m[K
[20.139s] [01m[K/home/ubuntu/ros2_ws/src/Manipulator_UR5_Project/robotics_project_ws/src/complete_job_ws/src/complete_job.cpp:39:44:[m[K [01;31m[Kerror: [m[Kâ€˜[01m[KMoveService[m[Kâ€™ was not declared in this scope
[20.139s]    39 |     open_path_client = this->create_client<[01;31m[KMoveService[m[K>("path_acquiring");
[20.140s]       |                                            [01;31m[K^~~~~~~~~~~[m[K
[20.188s] [01m[K/home/ubuntu/ros2_ws/src/Manipulator_UR5_Project/robotics_project_ws/src/complete_job_ws/src/complete_job.cpp:41:10:[m[K [01;31m[Kerror: [m[Kâ€˜[01m[Kopen_path_client_[m[Kâ€™ was not declared in this scope
[20.189s]    41 |     if (![01;31m[Kopen_path_client_[m[K->wait_for_service(10s)){
[20.190s]       |          [01;31m[K^~~~~~~~~~~~~~~~~[m[K
[20.194s] In file included from [01m[K/opt/ros/jazzy/include/rclcpp/rclcpp/copy_all_parameter_values.hpp:27[m[K,
[20.195s]                  from [01m[K/opt/ros/jazzy/include/rclcpp/rclcpp/rclcpp.hpp:171[m[K,
[20.196s]                  from [01m[K/home/ubuntu/ros2_ws/src/Manipulator_UR5_Project/robotics_project_ws/src/complete_job_ws/src/complete_job.cpp:1[m[K:
[20.197s] [01m[K/home/ubuntu/ros2_ws/src/Manipulator_UR5_Project/robotics_project_ws/src/complete_job_ws/src/complete_job.cpp:42:22:[m[K [01;31m[Kerror: [m[Kinvalid use of â€˜[01m[Kthis[m[Kâ€™ in non-member function
[20.199s]    42 |         RCLCPP_ERROR([01;31m[Kthis[m[K->get_logger(), "Path provider not available after waiting");
[20.200s]       |                      [01;31m[K^~~~[m[K
[20.204s] [01m[K/home/ubuntu/ros2_ws/src/Manipulator_UR5_Project/robotics_project_ws/src/complete_job_ws/src/complete_job.cpp:42:22:[m[K [01;31m[Kerror: [m[Kinvalid use of â€˜[01m[Kthis[m[Kâ€™ in non-member function
[20.208s] [01m[K/home/ubuntu/ros2_ws/src/Manipulator_UR5_Project/robotics_project_ws/src/complete_job_ws/src/complete_job.cpp:42:9:[m[K [01;31m[Kerror: [m[Ktemplate argument 1 is invalid
[20.209s]    42 |         [01;31m[KRCLCPP_ERROR[m[K(this->get_logger(), "Path provider not available after waiting");
[20.214s]       |         [01;31m[K^~~~~~~~~~~~[m[K
[20.215s] [01m[K/home/ubuntu/ros2_ws/src/Manipulator_UR5_Project/robotics_project_ws/src/complete_job_ws/src/complete_job.cpp:42:9:[m[K [01;31m[Kerror: [m[Ktemplate argument 1 is invalid
[20.215s]    42 |         [01;31m[KRCLCPP_ERROR[m[K(this->get_logger(), "Path provider not available after waiting");
[20.217s]       |         [01;31m[K^~~~~~~~~~~~[m[K
[20.220s] [01m[K/home/ubuntu/ros2_ws/src/Manipulator_UR5_Project/robotics_project_ws/src/complete_job_ws/src/complete_job.cpp:42:9:[m[K [01;31m[Kerror: [m[Ktemplate argument 1 is invalid
[20.220s]    42 |         [01;31m[KRCLCPP_ERROR[m[K(this->get_logger(), "Path provider not available after waiting");
[20.221s]       |         [01;31m[K^~~~~~~~~~~~[m[K
[20.221s] In file included from [01m[K/opt/ros/jazzy/include/rclcpp/rclcpp/logging.hpp:24[m[K:
[20.224s] [01m[K/home/ubuntu/ros2_ws/src/Manipulator_UR5_Project/robotics_project_ws/src/complete_job_ws/src/complete_job.cpp:42:22:[m[K [01;31m[Kerror: [m[Kinvalid use of â€˜[01m[Kthis[m[Kâ€™ in non-member function
[20.226s]    42 |         RCLCPP_ERROR([01;31m[Kthis[m[K->get_logger(), "Path provider not available after waiting");
[20.227s]       |                      [01;31m[K^~~~[m[K
[20.228s] [01m[K/home/ubuntu/ros2_ws/src/Manipulator_UR5_Project/robotics_project_ws/src/complete_job_ws/src/complete_job.cpp:42:22:[m[K [01;31m[Kerror: [m[Kinvalid use of â€˜[01m[Kthis[m[Kâ€™ in non-member function
[20.230s]    42 |         RCLCPP_ERROR([01;31m[Kthis[m[K->get_logger(), "Path provider not available after waiting");
[20.234s]       |                      [01;31m[K^~~~[m[K
[20.236s] [01m[K/home/ubuntu/ros2_ws/src/Manipulator_UR5_Project/robotics_project_ws/src/complete_job_ws/src/complete_job.cpp:44:9:[m[K [01;31m[Kerror: [m[Kreturn-statement with no value, in function returning â€˜[01m[Kint[m[Kâ€™ [[01;31m[K]8;;https://gcc.gnu.org/onlinedocs/gcc/Warning-Options.html#index-fpermissive-fpermissive]8;;[m[K]
[20.237s]    44 |         [01;31m[Kreturn[m[K;
[20.237s]       |         [01;31m[K^~~~~~[m[K
[20.242s] [01m[K/home/ubuntu/ros2_ws/src/Manipulator_UR5_Project/robotics_project_ws/src/complete_job_ws/src/complete_job.cpp:46:49:[m[K [01;31m[Kerror: [m[Kno matching function for call to â€˜[01m[Kmake_shared<MoveService>()[m[Kâ€™
[20.243s]    46 |     auto request = [01;31m[Kstd::make_shared<MoveService>()[m[K;
[20.243s]       |                    [01;31m[K~~~~~~~~~~~~~~~~~~~~~~~~~~~~~^~[m[K
[20.245s] In file included from [01m[K/usr/include/c++/13/memory:80[m[K,
[20.251s]                  from [01m[K/opt/ros/jazzy/include/rclcpp/rclcpp/rclcpp.hpp:169[m[K:
[20.252s] [01m[K/usr/include/c++/13/bits/shared_ptr.h:1005:5:[m[K [01;36m[Knote: [m[Kcandidate: â€˜[01m[Ktemplate<class _Tp, class ... _Args> std::shared_ptr<typename std::enable_if<(! std::is_array< <template-parameter-1-1> >::value), _Tp>::type> std::[01;32m[Kmake_shared[m[K(_Args&& ...)[m[Kâ€™
[20.253s]  1005 |     [01;36m[Kmake_shared[m[K(_Args&&... __args)
[20.254s]       |     [01;36m[K^~~~~~~~~~~[m[K
[20.254s] [01m[K/usr/include/c++/13/bits/shared_ptr.h:1005:5:[m[K [01;36m[Knote: [m[K  template argument deduction/substitution failed:
[20.255s] [01m[K/home/ubuntu/ros2_ws/src/Manipulator_UR5_Project/robotics_project_ws/src/complete_job_ws/src/complete_job.cpp:53:5:[m[K [01;31m[Kerror: [m[Kâ€˜[01m[Kopen_path_client_[m[Kâ€™ was not declared in this scope
[20.256s]    53 |     [01;31m[Kopen_path_client_[m[K->async_send_request(request);
[20.256s]       |     [01;31m[K^~~~~~~~~~~~~~~~~[m[K
[20.259s] [01m[K/home/ubuntu/ros2_ws/src/Manipulator_UR5_Project/robotics_project_ws/src/complete_job_ws/src/complete_job.cpp:56:40:[m[K [01;31m[Kerror: [m[Kexpected â€˜[01m[K;[m[Kâ€™ before â€˜[01m[Kbreak[m[Kâ€™
[20.260s]    56 |             cout << "Request completed"
[20.260s]       |                                        [01;31m[K^[m[K
[20.262s]       |                                        [32m[K;[m[K
[20.263s]    57 |             [32m[Kbreak[m[K;
[20.263s]       |             [32m[K~~~~~[m[K                       
[20.264s] [01m[K/home/ubuntu/ros2_ws/src/Manipulator_UR5_Project/robotics_project_ws/src/complete_job_ws/src/complete_job.cpp:61:9:[m[K [01;31m[Kerror: [m[Kexpected primary-expression before â€˜[01m[K}[m[Kâ€™ token
[20.265s]    61 |         [01;31m[K}[m[K
[20.269s]       |         [01;31m[K^[m[K
[20.279s] [01m[K/home/ubuntu/ros2_ws/src/Manipulator_UR5_Project/robotics_project_ws/src/complete_job_ws/src/complete_job.cpp:34:14:[m[K [01;35m[Kwarning: [m[Kunused parameter â€˜[01m[Kargc[m[Kâ€™ [[01;35m[K]8;;https://gcc.gnu.org/onlinedocs/gcc/Warning-Options.html#index-Wunused-parameter-Wunused-parameter]8;;[m[K]
[20.279s]    34 | int main([01;35m[Kint argc[m[K, char **argv)
[20.280s]       |          [01;35m[K~~~~^~~~[m[K
[20.284s] [01m[K/home/ubuntu/ros2_ws/src/Manipulator_UR5_Project/robotics_project_ws/src/complete_job_ws/src/complete_job.cpp:34:27:[m[K [01;35m[Kwarning: [m[Kunused parameter â€˜[01m[Kargv[m[Kâ€™ [[01;35m[K]8;;https://gcc.gnu.org/onlinedocs/gcc/Warning-Options.html#index-Wunused-parameter-Wunused-parameter]8;;[m[K]
[20.284s]    34 | int main(int argc, [01;35m[Kchar **argv[m[K)
[20.285s]       |                    [01;35m[K~~~~~~~^~~~[m[K
[26.365s] gmake[2]: *** [CMakeFiles/complete_job.dir/build.make:76: CMakeFiles/complete_job.dir/src/complete_job.cpp.o] Error 1
[26.373s] gmake[1]: *** [CMakeFiles/Makefile2:137: CMakeFiles/complete_job.dir/all] Error 2
[26.374s] gmake: *** [Makefile:146: all] Error 2
[26.415s] Invoked command in '/home/ubuntu/ros2_ws/src/Manipulator_UR5_Project/build/complete_job_ws' returned '2': AMENT_PREFIX_PATH=/home/ubuntu/ros2_ws/src/Manipulator_UR5_Project/install/move_ws:${AMENT_PREFIX_PATH} CMAKE_PREFIX_PATH=/home/ubuntu/ros2_ws/src/Manipulator_UR5_Project/install/move_ws:/opt/ros/jazzy/opt/gz_sim_vendor:/opt/ros/jazzy/opt/gz_sensors_vendor:/opt/ros/jazzy/opt/gz_physics_vendor:/opt/ros/jazzy/opt/sdformat_vendor:/opt/ros/jazzy/opt/gz_gui_vendor:/opt/ros/jazzy/opt/gz_transport_vendor:/opt/ros/jazzy/opt/gz_rendering_vendor:/opt/ros/jazzy/opt/gz_plugin_vendor:/opt/ros/jazzy/opt/gz_fuel_tools_vendor:/opt/ros/jazzy/opt/gz_msgs_vendor:/opt/ros/jazzy/opt/gz_common_vendor:/opt/ros/jazzy/opt/gz_math_vendor:/opt/ros/jazzy/opt/gz_utils_vendor:/opt/ros/jazzy/opt/gz_tools_vendor:/opt/ros/jazzy/opt/gz_ogre_next_vendor:/opt/ros/jazzy/opt/gz_dartsim_vendor:/opt/ros/jazzy/opt/gz_cmake_vendor:/opt/ros/jazzy LD_LIBRARY_PATH=/home/ubuntu/ros2_ws/src/Manipulator_UR5_Project/install/move_ws/lib:${LD_LIBRARY_PATH} PYTHONPATH=/home/ubuntu/ros2_ws/src/Manipulator_UR5_Project/install/move_ws/lib/python3.12/site-packages:${PYTHONPATH} /usr/bin/cmake --build /home/ubuntu/ros2_ws/src/Manipulator_UR5_Project/build/complete_job_ws -- -j8 -l8
