[0.255s] Invoking command in '/home/ubuntu/ros2_ws/src/Manipulator_UR5_Project/build/complete_job_ws': AMENT_PREFIX_PATH=/home/ubuntu/ros2_ws/src/Manipulator_UR5_Project/install/move_ws:${AMENT_PREFIX_PATH} CMAKE_PREFIX_PATH=/home/ubuntu/ros2_ws/src/Manipulator_UR5_Project/install/move_ws:/opt/ros/jazzy/opt/gz_sim_vendor:/opt/ros/jazzy/opt/gz_sensors_vendor:/opt/ros/jazzy/opt/gz_physics_vendor:/opt/ros/jazzy/opt/sdformat_vendor:/opt/ros/jazzy/opt/gz_gui_vendor:/opt/ros/jazzy/opt/gz_transport_vendor:/opt/ros/jazzy/opt/gz_rendering_vendor:/opt/ros/jazzy/opt/gz_plugin_vendor:/opt/ros/jazzy/opt/gz_fuel_tools_vendor:/opt/ros/jazzy/opt/gz_msgs_vendor:/opt/ros/jazzy/opt/gz_common_vendor:/opt/ros/jazzy/opt/gz_math_vendor:/opt/ros/jazzy/opt/gz_utils_vendor:/opt/ros/jazzy/opt/gz_tools_vendor:/opt/ros/jazzy/opt/gz_ogre_next_vendor:/opt/ros/jazzy/opt/gz_dartsim_vendor:/opt/ros/jazzy/opt/gz_cmake_vendor:/opt/ros/jazzy LD_LIBRARY_PATH=/home/ubuntu/ros2_ws/src/Manipulator_UR5_Project/install/move_ws/lib:${LD_LIBRARY_PATH} PYTHONPATH=/home/ubuntu/ros2_ws/src/Manipulator_UR5_Project/install/move_ws/lib/python3.12/site-packages:${PYTHONPATH} /usr/bin/cmake --build /home/ubuntu/ros2_ws/src/Manipulator_UR5_Project/build/complete_job_ws -- -j8 -l8
[0.661s] -- Found ament_cmake: 2.5.2 (/opt/ros/jazzy/share/ament_cmake/cmake)
[2.496s] -- Found rclcpp: 28.1.5 (/opt/ros/jazzy/share/rclcpp/cmake)
[2.805s] -- Found rosidl_generator_c: 4.6.4 (/opt/ros/jazzy/share/rosidl_generator_c/cmake)
[2.909s] -- Found rosidl_generator_cpp: 4.6.4 (/opt/ros/jazzy/share/rosidl_generator_cpp/cmake)
[3.016s] -- Using all available rosidl_typesupport_c: rosidl_typesupport_fastrtps_c;rosidl_typesupport_introspection_c
[3.126s] -- Using all available rosidl_typesupport_cpp: rosidl_typesupport_fastrtps_cpp;rosidl_typesupport_introspection_cpp
[3.384s] -- Found rmw_implementation_cmake: 7.3.1 (/opt/ros/jazzy/share/rmw_implementation_cmake/cmake)
[3.388s] -- Found rmw_fastrtps_cpp: 8.4.1 (/opt/ros/jazzy/share/rmw_fastrtps_cpp/cmake)
[3.674s] -- Using RMW implementation 'rmw_fastrtps_cpp' as default
[3.976s] -- Found move_ws: 1.0.0 (/home/ubuntu/ros2_ws/src/Manipulator_UR5_Project/install/move_ws/share/move_ws/cmake)
[4.207s] -- Found ament_lint_auto: 0.17.1 (/opt/ros/jazzy/share/ament_lint_auto/cmake)
[4.825s] -- Added test 'copyright' to check source files copyright and LICENSE
[4.833s] -- Added test 'cppcheck' to perform static code analysis on C / C++ code
[4.833s] -- Configured cppcheck include dirs: 
[4.834s] -- Configured cppcheck exclude dirs and/or files: 
[4.842s] -- Added test 'cpplint' to check C / C++ code against the Google style
[4.843s] -- Configured cpplint exclude dirs and/or files: 
[4.846s] -- Added test 'lint_cmake' to check CMake code style
[4.857s] -- Added test 'uncrustify' to check C / C++ code style
[4.860s] -- Configured uncrustify additional arguments: 
[4.874s] -- Added test 'xmllint' to check XML markup files
[4.963s] -- Configuring done (4.4s)
[5.290s] -- Generating done (0.3s)
[5.390s] -- Build files have been written to: /home/ubuntu/ros2_ws/src/Manipulator_UR5_Project/build/complete_job_ws
[6.288s] [ 50%] [32mBuilding CXX object CMakeFiles/complete_job.dir/src/complete_job.cpp.o[0m
[8.910s] [01m[K/home/ubuntu/ros2_ws/src/Manipulator_UR5_Project/robotics_project_ws/src/complete_job_ws/src/complete_job.cpp:60:21:[m[K [01;35m[Kwarning: [m[Kmissing terminating " character
[8.915s]    60 |             cout << [01;35m[K"[m[KError in completing the task, redo it
[8.916s]       |                     [01;35m[K^[m[K
[8.918s] [01m[K/home/ubuntu/ros2_ws/src/Manipulator_UR5_Project/robotics_project_ws/src/complete_job_ws/src/complete_job.cpp:60:21:[m[K [01;31m[Kerror: [m[Kmissing terminating " character
[8.920s]    60 |             cout << [01;31m[K"Error in completing the task, redo it[m[K
[8.921s]       |                     [01;31m[K^~~~~~~~~~~~~~~~~~~~~~~~~~~~~~~~~~~~~~[m[K
[23.711s] [01m[K/home/ubuntu/ros2_ws/src/Manipulator_UR5_Project/robotics_project_ws/src/complete_job_ws/src/complete_job.cpp:[m[K In function â€˜[01m[Kint[01;32m[K main[m[K(int, char**)[m[Kâ€™:
[23.719s] [01m[K/home/ubuntu/ros2_ws/src/Manipulator_UR5_Project/robotics_project_ws/src/complete_job_ws/src/complete_job.cpp:39:5:[m[K [01;31m[Kerror: [m[Kâ€˜[01m[Kopen_path_client[m[Kâ€™ was not declared in this scope
[23.727s]    39 |     [01;31m[Kopen_path_client[m[K = this->create_client<MoveService>("path_acquiring");
[23.735s]       |     [01;31m[K^~~~~~~~~~~~~~~~[m[K
[23.738s] [01m[K/home/ubuntu/ros2_ws/src/Manipulator_UR5_Project/robotics_project_ws/src/complete_job_ws/src/complete_job.cpp:39:24:[m[K [01;31m[Kerror: [m[Kinvalid use of â€˜[01m[Kthis[m[Kâ€™ in non-member function
[23.742s]    39 |     open_path_client = [01;31m[Kthis[m[K->create_client<MoveService>("path_acquiring");
[23.743s]       |                        [01;31m[K^~~~[m[K
[23.743s] [01m[K/home/ubuntu/ros2_ws/src/Manipulator_UR5_Project/robotics_project_ws/src/complete_job_ws/src/complete_job.cpp:39:44:[m[K [01;31m[Kerror: [m[Kâ€˜[01m[KMoveService[m[Kâ€™ was not declared in this scope
[23.744s]    39 |     open_path_client = this->create_client<[01;31m[KMoveService[m[K>("path_acquiring");
[23.751s]       |                                            [01;31m[K^~~~~~~~~~~[m[K
[23.808s] [01m[K/home/ubuntu/ros2_ws/src/Manipulator_UR5_Project/robotics_project_ws/src/complete_job_ws/src/complete_job.cpp:41:10:[m[K [01;31m[Kerror: [m[Kâ€˜[01m[Kopen_path_client_[m[Kâ€™ was not declared in this scope
[23.822s]    41 |     if (![01;31m[Kopen_path_client_[m[K->wait_for_service(10s)){
[23.824s]       |          [01;31m[K^~~~~~~~~~~~~~~~~[m[K
[23.825s] In file included from [01m[K/opt/ros/jazzy/include/rclcpp/rclcpp/copy_all_parameter_values.hpp:27[m[K,
[23.826s]                  from [01m[K/opt/ros/jazzy/include/rclcpp/rclcpp/rclcpp.hpp:171[m[K,
[23.827s]                  from [01m[K/home/ubuntu/ros2_ws/src/Manipulator_UR5_Project/robotics_project_ws/src/complete_job_ws/src/complete_job.cpp:1[m[K:
[23.828s] [01m[K/home/ubuntu/ros2_ws/src/Manipulator_UR5_Project/robotics_project_ws/src/complete_job_ws/src/complete_job.cpp:42:22:[m[K [01;31m[Kerror: [m[Kinvalid use of â€˜[01m[Kthis[m[Kâ€™ in non-member function
[23.829s]    42 |         RCLCPP_ERROR([01;31m[Kthis[m[K->get_logger(), "Path provider not available after waiting");
[23.830s]       |                      [01;31m[K^~~~[m[K
[23.830s] [01m[K/home/ubuntu/ros2_ws/src/Manipulator_UR5_Project/robotics_project_ws/src/complete_job_ws/src/complete_job.cpp:42:22:[m[K [01;31m[Kerror: [m[Kinvalid use of â€˜[01m[Kthis[m[Kâ€™ in non-member function
[23.831s] [01m[K/home/ubuntu/ros2_ws/src/Manipulator_UR5_Project/robotics_project_ws/src/complete_job_ws/src/complete_job.cpp:42:9:[m[K [01;31m[Kerror: [m[Ktemplate argument 1 is invalid
[23.832s]    42 |         [01;31m[KRCLCPP_ERROR[m[K(this->get_logger(), "Path provider not available after waiting");
[23.832s]       |         [01;31m[K^~~~~~~~~~~~[m[K
[23.832s] [01m[K/home/ubuntu/ros2_ws/src/Manipulator_UR5_Project/robotics_project_ws/src/complete_job_ws/src/complete_job.cpp:42:9:[m[K [01;31m[Kerror: [m[Ktemplate argument 1 is invalid
[23.833s]    42 |         [01;31m[KRCLCPP_ERROR[m[K(this->get_logger(), "Path provider not available after waiting");
[23.833s]       |         [01;31m[K^~~~~~~~~~~~[m[K
[23.834s] [01m[K/home/ubuntu/ros2_ws/src/Manipulator_UR5_Project/robotics_project_ws/src/complete_job_ws/src/complete_job.cpp:42:9:[m[K [01;31m[Kerror: [m[Ktemplate argument 1 is invalid
[23.835s]    42 |         [01;31m[KRCLCPP_ERROR[m[K(this->get_logger(), "Path provider not available after waiting");
[23.836s]       |         [01;31m[K^~~~~~~~~~~~[m[K
[23.837s] In file included from [01m[K/opt/ros/jazzy/include/rclcpp/rclcpp/logging.hpp:24[m[K:
[23.838s] [01m[K/home/ubuntu/ros2_ws/src/Manipulator_UR5_Project/robotics_project_ws/src/complete_job_ws/src/complete_job.cpp:42:22:[m[K [01;31m[Kerror: [m[Kinvalid use of â€˜[01m[Kthis[m[Kâ€™ in non-member function
[23.841s]    42 |         RCLCPP_ERROR([01;31m[Kthis[m[K->get_logger(), "Path provider not available after waiting");
[23.841s]       |                      [01;31m[K^~~~[m[K
[23.842s] [01m[K/home/ubuntu/ros2_ws/src/Manipulator_UR5_Project/robotics_project_ws/src/complete_job_ws/src/complete_job.cpp:42:22:[m[K [01;31m[Kerror: [m[Kinvalid use of â€˜[01m[Kthis[m[Kâ€™ in non-member function
[23.859s]    42 |         RCLCPP_ERROR([01;31m[Kthis[m[K->get_logger(), "Path provider not available after waiting");
[23.881s]       |                      [01;31m[K^~~~[m[K
[23.884s] [01m[K/home/ubuntu/ros2_ws/src/Manipulator_UR5_Project/robotics_project_ws/src/complete_job_ws/src/complete_job.cpp:44:9:[m[K [01;31m[Kerror: [m[Kreturn-statement with no value, in function returning â€˜[01m[Kint[m[Kâ€™ [[01;31m[K]8;;https://gcc.gnu.org/onlinedocs/gcc/Warning-Options.html#index-fpermissive-fpermissive]8;;[m[K]
[23.887s]    44 |         [01;31m[Kreturn[m[K;
[23.888s]       |         [01;31m[K^~~~~~[m[K
[23.888s] [01m[K/home/ubuntu/ros2_ws/src/Manipulator_UR5_Project/robotics_project_ws/src/complete_job_ws/src/complete_job.cpp:46:49:[m[K [01;31m[Kerror: [m[Kno matching function for call to â€˜[01m[Kmake_shared<MoveService>()[m[Kâ€™
[23.889s]    46 |     auto request = [01;31m[Kstd::make_shared<MoveService>()[m[K;
[23.889s]       |                    [01;31m[K~~~~~~~~~~~~~~~~~~~~~~~~~~~~~^~[m[K
[23.892s] In file included from [01m[K/usr/include/c++/13/memory:80[m[K,
[23.893s]                  from [01m[K/opt/ros/jazzy/include/rclcpp/rclcpp/rclcpp.hpp:169[m[K:
[23.895s] [01m[K/usr/include/c++/13/bits/shared_ptr.h:1005:5:[m[K [01;36m[Knote: [m[Kcandidate: â€˜[01m[Ktemplate<class _Tp, class ... _Args> std::shared_ptr<typename std::enable_if<(! std::is_array< <template-parameter-1-1> >::value), _Tp>::type> std::[01;32m[Kmake_shared[m[K(_Args&& ...)[m[Kâ€™
[23.896s]  1005 |     [01;36m[Kmake_shared[m[K(_Args&&... __args)
[23.904s]       |     [01;36m[K^~~~~~~~~~~[m[K
[23.910s] [01m[K/usr/include/c++/13/bits/shared_ptr.h:1005:5:[m[K [01;36m[Knote: [m[K  template argument deduction/substitution failed:
[23.913s] [01m[K/home/ubuntu/ros2_ws/src/Manipulator_UR5_Project/robotics_project_ws/src/complete_job_ws/src/complete_job.cpp:53:5:[m[K [01;31m[Kerror: [m[Kâ€˜[01m[Kopen_path_client_[m[Kâ€™ was not declared in this scope
[23.915s]    53 |     [01;31m[Kopen_path_client_[m[K->async_send_request(request);
[23.916s]       |     [01;31m[K^~~~~~~~~~~~~~~~~[m[K
[23.917s] [01m[K/home/ubuntu/ros2_ws/src/Manipulator_UR5_Project/robotics_project_ws/src/complete_job_ws/src/complete_job.cpp:56:40:[m[K [01;31m[Kerror: [m[Kexpected â€˜[01m[K;[m[Kâ€™ before â€˜[01m[Kbreak[m[Kâ€™
[23.917s]    56 |             cout << "Request completed"
[23.918s]       |                                        [01;31m[K^[m[K
[23.919s]       |                                        [32m[K;[m[K
[23.920s]    57 |             [32m[Kbreak[m[K;
[23.921s]       |             [32m[K~~~~~[m[K                       
[23.921s] [01m[K/home/ubuntu/ros2_ws/src/Manipulator_UR5_Project/robotics_project_ws/src/complete_job_ws/src/complete_job.cpp:61:9:[m[K [01;31m[Kerror: [m[Kexpected primary-expression before â€˜[01m[K}[m[Kâ€™ token
[23.922s]    61 |         [01;31m[K}[m[K
[23.924s]       |         [01;31m[K^[m[K
[23.924s] [01m[K/home/ubuntu/ros2_ws/src/Manipulator_UR5_Project/robotics_project_ws/src/complete_job_ws/src/complete_job.cpp:34:14:[m[K [01;35m[Kwarning: [m[Kunused parameter â€˜[01m[Kargc[m[Kâ€™ [[01;35m[K]8;;https://gcc.gnu.org/onlinedocs/gcc/Warning-Options.html#index-Wunused-parameter-Wunused-parameter]8;;[m[K]
[23.925s]    34 | int main([01;35m[Kint argc[m[K, char **argv)
[23.926s]       |          [01;35m[K~~~~^~~~[m[K
[23.926s] [01m[K/home/ubuntu/ros2_ws/src/Manipulator_UR5_Project/robotics_project_ws/src/complete_job_ws/src/complete_job.cpp:34:27:[m[K [01;35m[Kwarning: [m[Kunused parameter â€˜[01m[Kargv[m[Kâ€™ [[01;35m[K]8;;https://gcc.gnu.org/onlinedocs/gcc/Warning-Options.html#index-Wunused-parameter-Wunused-parameter]8;;[m[K]
[23.927s]    34 | int main(int argc, [01;35m[Kchar **argv[m[K)
[23.927s]       |                    [01;35m[K~~~~~~~^~~~[m[K
[30.105s] gmake[2]: *** [CMakeFiles/complete_job.dir/build.make:76: CMakeFiles/complete_job.dir/src/complete_job.cpp.o] Error 1
[30.112s] gmake[1]: *** [CMakeFiles/Makefile2:137: CMakeFiles/complete_job.dir/all] Error 2
[30.120s] gmake: *** [Makefile:146: all] Error 2
[30.187s] Invoked command in '/home/ubuntu/ros2_ws/src/Manipulator_UR5_Project/build/complete_job_ws' returned '2': AMENT_PREFIX_PATH=/home/ubuntu/ros2_ws/src/Manipulator_UR5_Project/install/move_ws:${AMENT_PREFIX_PATH} CMAKE_PREFIX_PATH=/home/ubuntu/ros2_ws/src/Manipulator_UR5_Project/install/move_ws:/opt/ros/jazzy/opt/gz_sim_vendor:/opt/ros/jazzy/opt/gz_sensors_vendor:/opt/ros/jazzy/opt/gz_physics_vendor:/opt/ros/jazzy/opt/sdformat_vendor:/opt/ros/jazzy/opt/gz_gui_vendor:/opt/ros/jazzy/opt/gz_transport_vendor:/opt/ros/jazzy/opt/gz_rendering_vendor:/opt/ros/jazzy/opt/gz_plugin_vendor:/opt/ros/jazzy/opt/gz_fuel_tools_vendor:/opt/ros/jazzy/opt/gz_msgs_vendor:/opt/ros/jazzy/opt/gz_common_vendor:/opt/ros/jazzy/opt/gz_math_vendor:/opt/ros/jazzy/opt/gz_utils_vendor:/opt/ros/jazzy/opt/gz_tools_vendor:/opt/ros/jazzy/opt/gz_ogre_next_vendor:/opt/ros/jazzy/opt/gz_dartsim_vendor:/opt/ros/jazzy/opt/gz_cmake_vendor:/opt/ros/jazzy LD_LIBRARY_PATH=/home/ubuntu/ros2_ws/src/Manipulator_UR5_Project/install/move_ws/lib:${LD_LIBRARY_PATH} PYTHONPATH=/home/ubuntu/ros2_ws/src/Manipulator_UR5_Project/install/move_ws/lib/python3.12/site-packages:${PYTHONPATH} /usr/bin/cmake --build /home/ubuntu/ros2_ws/src/Manipulator_UR5_Project/build/complete_job_ws -- -j8 -l8
