[0.401s] Invoking command in '/home/ubuntu/ros2_ws/src/Manipulator_UR5_Project/build/complete_job_ws': AMENT_PREFIX_PATH=/home/ubuntu/ros2_ws/src/Manipulator_UR5_Project/install/move_ws:${AMENT_PREFIX_PATH} CMAKE_PREFIX_PATH=/home/ubuntu/ros2_ws/src/Manipulator_UR5_Project/install/move_ws:/opt/ros/jazzy/opt/gz_sim_vendor:/opt/ros/jazzy/opt/gz_sensors_vendor:/opt/ros/jazzy/opt/gz_physics_vendor:/opt/ros/jazzy/opt/sdformat_vendor:/opt/ros/jazzy/opt/gz_gui_vendor:/opt/ros/jazzy/opt/gz_transport_vendor:/opt/ros/jazzy/opt/gz_rendering_vendor:/opt/ros/jazzy/opt/gz_plugin_vendor:/opt/ros/jazzy/opt/gz_fuel_tools_vendor:/opt/ros/jazzy/opt/gz_msgs_vendor:/opt/ros/jazzy/opt/gz_common_vendor:/opt/ros/jazzy/opt/gz_math_vendor:/opt/ros/jazzy/opt/gz_utils_vendor:/opt/ros/jazzy/opt/gz_tools_vendor:/opt/ros/jazzy/opt/gz_ogre_next_vendor:/opt/ros/jazzy/opt/gz_dartsim_vendor:/opt/ros/jazzy/opt/gz_cmake_vendor:/opt/ros/jazzy LD_LIBRARY_PATH=/home/ubuntu/ros2_ws/src/Manipulator_UR5_Project/install/move_ws/lib:${LD_LIBRARY_PATH} PYTHONPATH=/home/ubuntu/ros2_ws/src/Manipulator_UR5_Project/install/move_ws/lib/python3.12/site-packages:${PYTHONPATH} /usr/bin/cmake --build /home/ubuntu/ros2_ws/src/Manipulator_UR5_Project/build/complete_job_ws -- -j8 -l8
[1.202s] [ 50%] [32mBuilding CXX object CMakeFiles/complete_job.dir/src/complete_job.cpp.o[0m
[14.464s] [01m[K/home/ubuntu/ros2_ws/src/Manipulator_UR5_Project/robotics_project_ws/src/complete_job_ws/src/complete_job.cpp:[m[K In function â€˜[01m[Kint[01;32m[K main[m[K(int, char**)[m[Kâ€™:
[14.467s] [01m[K/home/ubuntu/ros2_ws/src/Manipulator_UR5_Project/robotics_project_ws/src/complete_job_ws/src/complete_job.cpp:39:29:[m[K [01;31m[Kerror: [m[Kinvalid use of â€˜[01m[Kthis[m[Kâ€™ in non-member function
[14.469s]    39 |     auto open_path_client = [01;31m[Kthis[m[K->create_client<MoveService>("path_acquiring");
[14.473s]       |                             [01;31m[K^~~~[m[K
[14.504s] [01m[K/home/ubuntu/ros2_ws/src/Manipulator_UR5_Project/robotics_project_ws/src/complete_job_ws/src/complete_job.cpp:39:49:[m[K [01;31m[Kerror: [m[Kâ€˜[01m[KMoveService[m[Kâ€™ was not declared in this scope
[14.512s]    39 |     auto open_path_client = this->create_client<[01;31m[KMoveService[m[K>("path_acquiring");
[14.515s]       |                                                 [01;31m[K^~~~~~~~~~~[m[K
[14.533s] [01m[K/home/ubuntu/ros2_ws/src/Manipulator_UR5_Project/robotics_project_ws/src/complete_job_ws/src/complete_job.cpp:41:10:[m[K [01;31m[Kerror: [m[Kâ€˜[01m[Kopen_path_client_[m[Kâ€™ was not declared in this scope
[14.537s]    41 |     if (![01;31m[Kopen_path_client_[m[K->wait_for_service(10s)){
[14.537s]       |          [01;31m[K^~~~~~~~~~~~~~~~~[m[K
[14.538s] In file included from [01m[K/opt/ros/jazzy/include/rclcpp/rclcpp/copy_all_parameter_values.hpp:27[m[K,
[14.542s]                  from [01m[K/opt/ros/jazzy/include/rclcpp/rclcpp/rclcpp.hpp:171[m[K,
[14.544s]                  from [01m[K/home/ubuntu/ros2_ws/src/Manipulator_UR5_Project/robotics_project_ws/src/complete_job_ws/src/complete_job.cpp:1[m[K:
[14.544s] [01m[K/home/ubuntu/ros2_ws/src/Manipulator_UR5_Project/robotics_project_ws/src/complete_job_ws/src/complete_job.cpp:42:22:[m[K [01;31m[Kerror: [m[Kinvalid use of â€˜[01m[Kthis[m[Kâ€™ in non-member function
[14.545s]    42 |         RCLCPP_ERROR([01;31m[Kthis[m[K->get_logger(), "Path provider not available after waiting");
[14.545s]       |                      [01;31m[K^~~~[m[K
[14.547s] [01m[K/home/ubuntu/ros2_ws/src/Manipulator_UR5_Project/robotics_project_ws/src/complete_job_ws/src/complete_job.cpp:42:22:[m[K [01;31m[Kerror: [m[Kinvalid use of â€˜[01m[Kthis[m[Kâ€™ in non-member function
[14.547s] [01m[K/home/ubuntu/ros2_ws/src/Manipulator_UR5_Project/robotics_project_ws/src/complete_job_ws/src/complete_job.cpp:42:9:[m[K [01;31m[Kerror: [m[Ktemplate argument 1 is invalid
[14.548s]    42 |         [01;31m[KRCLCPP_ERROR[m[K(this->get_logger(), "Path provider not available after waiting");
[14.553s]       |         [01;31m[K^~~~~~~~~~~~[m[K
[14.554s] [01m[K/home/ubuntu/ros2_ws/src/Manipulator_UR5_Project/robotics_project_ws/src/complete_job_ws/src/complete_job.cpp:42:9:[m[K [01;31m[Kerror: [m[Ktemplate argument 1 is invalid
[14.563s]    42 |         [01;31m[KRCLCPP_ERROR[m[K(this->get_logger(), "Path provider not available after waiting");
[14.570s]       |         [01;31m[K^~~~~~~~~~~~[m[K
[14.572s] [01m[K/home/ubuntu/ros2_ws/src/Manipulator_UR5_Project/robotics_project_ws/src/complete_job_ws/src/complete_job.cpp:42:9:[m[K [01;31m[Kerror: [m[Ktemplate argument 1 is invalid
[14.574s]    42 |         [01;31m[KRCLCPP_ERROR[m[K(this->get_logger(), "Path provider not available after waiting");
[14.575s]       |         [01;31m[K^~~~~~~~~~~~[m[K
[14.576s] In file included from [01m[K/opt/ros/jazzy/include/rclcpp/rclcpp/logging.hpp:24[m[K:
[14.576s] [01m[K/home/ubuntu/ros2_ws/src/Manipulator_UR5_Project/robotics_project_ws/src/complete_job_ws/src/complete_job.cpp:42:22:[m[K [01;31m[Kerror: [m[Kinvalid use of â€˜[01m[Kthis[m[Kâ€™ in non-member function
[14.588s]    42 |         RCLCPP_ERROR([01;31m[Kthis[m[K->get_logger(), "Path provider not available after waiting");
[14.601s]       |                      [01;31m[K^~~~[m[K
[14.601s] [01m[K/home/ubuntu/ros2_ws/src/Manipulator_UR5_Project/robotics_project_ws/src/complete_job_ws/src/complete_job.cpp:42:22:[m[K [01;31m[Kerror: [m[Kinvalid use of â€˜[01m[Kthis[m[Kâ€™ in non-member function
[14.602s]    42 |         RCLCPP_ERROR([01;31m[Kthis[m[K->get_logger(), "Path provider not available after waiting");
[14.607s]       |                      [01;31m[K^~~~[m[K
[14.610s] [01m[K/home/ubuntu/ros2_ws/src/Manipulator_UR5_Project/robotics_project_ws/src/complete_job_ws/src/complete_job.cpp:44:9:[m[K [01;31m[Kerror: [m[Kreturn-statement with no value, in function returning â€˜[01m[Kint[m[Kâ€™ [[01;31m[K]8;;https://gcc.gnu.org/onlinedocs/gcc/Warning-Options.html#index-fpermissive-fpermissive]8;;[m[K]
[14.619s]    44 |         [01;31m[Kreturn[m[K;
[14.620s]       |         [01;31m[K^~~~~~[m[K
[14.621s] [01m[K/home/ubuntu/ros2_ws/src/Manipulator_UR5_Project/robotics_project_ws/src/complete_job_ws/src/complete_job.cpp:46:49:[m[K [01;31m[Kerror: [m[Kno matching function for call to â€˜[01m[Kmake_shared<MoveService>()[m[Kâ€™
[14.622s]    46 |     auto request = [01;31m[Kstd::make_shared<MoveService>()[m[K;
[14.625s]       |                    [01;31m[K~~~~~~~~~~~~~~~~~~~~~~~~~~~~~^~[m[K
[14.635s] In file included from [01m[K/usr/include/c++/13/memory:80[m[K,
[14.636s]                  from [01m[K/opt/ros/jazzy/include/rclcpp/rclcpp/rclcpp.hpp:169[m[K:
[14.637s] [01m[K/usr/include/c++/13/bits/shared_ptr.h:1005:5:[m[K [01;36m[Knote: [m[Kcandidate: â€˜[01m[Ktemplate<class _Tp, class ... _Args> std::shared_ptr<typename std::enable_if<(! std::is_array< <template-parameter-1-1> >::value), _Tp>::type> std::[01;32m[Kmake_shared[m[K(_Args&& ...)[m[Kâ€™
[14.638s]  1005 |     [01;36m[Kmake_shared[m[K(_Args&&... __args)
[14.639s]       |     [01;36m[K^~~~~~~~~~~[m[K
[14.640s] [01m[K/usr/include/c++/13/bits/shared_ptr.h:1005:5:[m[K [01;36m[Knote: [m[K  template argument deduction/substitution failed:
[14.641s] [01m[K/home/ubuntu/ros2_ws/src/Manipulator_UR5_Project/robotics_project_ws/src/complete_job_ws/src/complete_job.cpp:53:5:[m[K [01;31m[Kerror: [m[Kâ€˜[01m[Kopen_path_client_[m[Kâ€™ was not declared in this scope
[14.641s]    53 |     [01;31m[Kopen_path_client_[m[K->async_send_request(request);
[14.642s]       |     [01;31m[K^~~~~~~~~~~~~~~~~[m[K
[14.642s] [01m[K/home/ubuntu/ros2_ws/src/Manipulator_UR5_Project/robotics_project_ws/src/complete_job_ws/src/complete_job.cpp:34:14:[m[K [01;35m[Kwarning: [m[Kunused parameter â€˜[01m[Kargc[m[Kâ€™ [[01;35m[K]8;;https://gcc.gnu.org/onlinedocs/gcc/Warning-Options.html#index-Wunused-parameter-Wunused-parameter]8;;[m[K]
[14.653s]    34 | int main([01;35m[Kint argc[m[K, char **argv)
[14.669s]       |          [01;35m[K~~~~^~~~[m[K
[14.670s] [01m[K/home/ubuntu/ros2_ws/src/Manipulator_UR5_Project/robotics_project_ws/src/complete_job_ws/src/complete_job.cpp:34:27:[m[K [01;35m[Kwarning: [m[Kunused parameter â€˜[01m[Kargv[m[Kâ€™ [[01;35m[K]8;;https://gcc.gnu.org/onlinedocs/gcc/Warning-Options.html#index-Wunused-parameter-Wunused-parameter]8;;[m[K]
[14.692s]    34 | int main(int argc, [01;35m[Kchar **argv[m[K)
[14.698s]       |                    [01;35m[K~~~~~~~^~~~[m[K
[26.693s] gmake[2]: *** [CMakeFiles/complete_job.dir/build.make:76: CMakeFiles/complete_job.dir/src/complete_job.cpp.o] Error 1
[26.698s] gmake[1]: *** [CMakeFiles/Makefile2:137: CMakeFiles/complete_job.dir/all] Error 2
[26.701s] gmake: *** [Makefile:146: all] Error 2
[26.825s] Invoked command in '/home/ubuntu/ros2_ws/src/Manipulator_UR5_Project/build/complete_job_ws' returned '2': AMENT_PREFIX_PATH=/home/ubuntu/ros2_ws/src/Manipulator_UR5_Project/install/move_ws:${AMENT_PREFIX_PATH} CMAKE_PREFIX_PATH=/home/ubuntu/ros2_ws/src/Manipulator_UR5_Project/install/move_ws:/opt/ros/jazzy/opt/gz_sim_vendor:/opt/ros/jazzy/opt/gz_sensors_vendor:/opt/ros/jazzy/opt/gz_physics_vendor:/opt/ros/jazzy/opt/sdformat_vendor:/opt/ros/jazzy/opt/gz_gui_vendor:/opt/ros/jazzy/opt/gz_transport_vendor:/opt/ros/jazzy/opt/gz_rendering_vendor:/opt/ros/jazzy/opt/gz_plugin_vendor:/opt/ros/jazzy/opt/gz_fuel_tools_vendor:/opt/ros/jazzy/opt/gz_msgs_vendor:/opt/ros/jazzy/opt/gz_common_vendor:/opt/ros/jazzy/opt/gz_math_vendor:/opt/ros/jazzy/opt/gz_utils_vendor:/opt/ros/jazzy/opt/gz_tools_vendor:/opt/ros/jazzy/opt/gz_ogre_next_vendor:/opt/ros/jazzy/opt/gz_dartsim_vendor:/opt/ros/jazzy/opt/gz_cmake_vendor:/opt/ros/jazzy LD_LIBRARY_PATH=/home/ubuntu/ros2_ws/src/Manipulator_UR5_Project/install/move_ws/lib:${LD_LIBRARY_PATH} PYTHONPATH=/home/ubuntu/ros2_ws/src/Manipulator_UR5_Project/install/move_ws/lib/python3.12/site-packages:${PYTHONPATH} /usr/bin/cmake --build /home/ubuntu/ros2_ws/src/Manipulator_UR5_Project/build/complete_job_ws -- -j8 -l8
