[01m[K/home/ubuntu/ros2_ws/src/Manipulator_UR5_Project/robotics_project_ws/src/complete_job_ws/src/complete_job.cpp:34:19:[m[K [01;31m[Kerror: [m[Kâ€˜[01m[Kmove_ws[m[Kâ€™ does not name a type
   34 | using MoveService=[01;31m[Kmove_ws[m[K::srv::Moving;
      |                   [01;31m[K^~~~~~~[m[K
[01m[K/home/ubuntu/ros2_ws/src/Manipulator_UR5_Project/robotics_project_ws/src/complete_job_ws/src/complete_job.cpp:[m[K In function â€˜[01m[Kint[01;32m[K main[m[K(int, char**)[m[Kâ€™:
[01m[K/home/ubuntu/ros2_ws/src/Manipulator_UR5_Project/robotics_project_ws/src/complete_job_ws/src/complete_job.cpp:42:30:[m[K [01;31m[Kerror: [m[Kinvalid use of â€˜[01m[Kthis[m[Kâ€™ in non-member function
   42 |     auto open_path_client_ = [01;31m[Kthis[m[K->create_client<MoveService>("path_acquiring");
      |                              [01;31m[K^~~~[m[K
[01m[K/home/ubuntu/ros2_ws/src/Manipulator_UR5_Project/robotics_project_ws/src/complete_job_ws/src/complete_job.cpp:42:50:[m[K [01;31m[Kerror: [m[Kâ€˜[01m[KMoveService[m[Kâ€™ was not declared in this scope
   42 |     auto open_path_client_ = this->create_client<[01;31m[KMoveService[m[K>("path_acquiring");
      |                                                  [01;31m[K^~~~~~~~~~~[m[K
[01m[K/home/ubuntu/ros2_ws/src/Manipulator_UR5_Project/robotics_project_ws/src/complete_job_ws/src/complete_job.cpp:47:9:[m[K [01;31m[Kerror: [m[Kreturn-statement with no value, in function returning â€˜[01m[Kint[m[Kâ€™ [[01;31m[K]8;;https://gcc.gnu.org/onlinedocs/gcc/Warning-Options.html#index-fpermissive-fpermissive]8;;[m[K]
   47 |         [01;31m[Kreturn[m[K;
      |         [01;31m[K^~~~~~[m[K
[01m[K/home/ubuntu/ros2_ws/src/Manipulator_UR5_Project/robotics_project_ws/src/complete_job_ws/src/complete_job.cpp:49:25:[m[K [01;31m[Kerror: [m[Kunable to deduce â€˜[01m[Kauto[m[Kâ€™ from â€˜[01m[Kmake_shared<MoveService>[m[Kâ€™
   49 |     auto request = [01;31m[Kstd::make_shared<MoveService>[m[K;
      |                    [01;31m[K~~~~~^~~~~~~~~~~~~~~~~~~~~~~~[m[K
[01m[K/home/ubuntu/ros2_ws/src/Manipulator_UR5_Project/robotics_project_ws/src/complete_job_ws/src/complete_job.cpp:49:25:[m[K [01;36m[Knote: [m[K  couldnâ€™t deduce template parameter â€˜[01m[Kauto[m[Kâ€™
   49 |     auto request = std::[01;36m[Kmake_shared<MoveService>[m[K;
      |                         [01;36m[K^~~~~~~~~~~~~~~~~~~~~~~~[m[K
gmake[2]: *** [CMakeFiles/complete_job.dir/build.make:76: CMakeFiles/complete_job.dir/src/complete_job.cpp.o] Error 1
gmake[1]: *** [CMakeFiles/Makefile2:137: CMakeFiles/complete_job.dir/all] Error 2
gmake: *** [Makefile:146: all] Error 2
